*** Starting uWSGI 2.0.18 (64bit) on [Thu Jul 11 16:11:53 2019] ***
compiled with version: 6.3.0 20170516 on 11 July 2019 16:00:40
os: Linux-4.9.125-linuxkit #1 SMP Fri Sep 7 08:20:28 UTC 2018
nodename: dd80a922fdc9
machine: x86_64
clock source: unix
pcre jit disabled
detected number of CPU cores: 4
current working directory: /code
detected binary path: /usr/local/bin/uwsgi
uWSGI running as root, you can use --uid/--gid/--chroot options
*** WARNING: you are running uWSGI as root !!! (use the --uid flag) *** 
your memory page size is 4096 bytes
detected max file descriptor number: 1048576
lock engine: pthread robust mutexes
thunder lock: disabled (you can enable it with --thunder-lock)
uwsgi socket 0 bound to TCP address :8001 fd 3
uWSGI running as root, you can use --uid/--gid/--chroot options
*** WARNING: you are running uWSGI as root !!! (use the --uid flag) *** 
Python version: 3.7.4 (default, Jul  9 2019, 00:06:43)  [GCC 6.3.0 20170516]
Python main interpreter initialized at 0x563a0174df00
uWSGI running as root, you can use --uid/--gid/--chroot options
*** WARNING: you are running uWSGI as root !!! (use the --uid flag) *** 
python threads support enabled
your server socket listen backlog is limited to 100 connections
your mercy for graceful operations on workers is 60 seconds
mapped 145840 bytes (142 KB) for 1 cores
*** Operational MODE: single process ***
WSGI app 0 (mountpoint='') ready in 1 seconds on interpreter 0x563a0174df00 pid: 1 (default app)
mountpoint  already configured. skip.
uWSGI running as root, you can use --uid/--gid/--chroot options
*** WARNING: you are running uWSGI as root !!! (use the --uid flag) *** 
*** uWSGI is running in multiple interpreter mode ***
spawned uWSGI master process (pid: 1)
spawned uWSGI worker 1 (pid: 6, cores: 1)
Python auto-reloader enabled
[pid: 6|app: 0|req: 1/1] 172.21.0.1 () {40 vars in 722 bytes} [Fri Jul 12 01:12:43 2019] GET / => generated 16504 bytes in 22 msecs (HTTP/1.1 200) 3 headers in 96 bytes (1 switches on core 0)
Not Found: /favicon.ico
[pid: 6|app: 0|req: 2/2] 172.21.0.1 () {40 vars in 668 bytes} [Fri Jul 12 01:12:44 2019] GET /favicon.ico => generated 1974 bytes in 12 msecs (HTTP/1.1 404) 3 headers in 102 bytes (1 switches on core 0)
